2018-08-06 09:35:10.9865 Error Parsing configuration from /Users/fschultesz/repos/dotnetcore/Hackney_Repairs_API/HackneyRepairs/bin/Debug/netcoreapp2.1/NLog.config failed. Exception: NLog.NLogConfigurationException: Exception when parsing /Users/fschultesz/repos/dotnetcore/Hackney_Repairs_API/HackneyRepairs/bin/Debug/netcoreapp2.1/NLog.config.  ---> System.NotSupportedException: Parameter connectionStringName not supported on DatabaseTarget
   at NLog.Internal.PropertyHelper.SetPropertyFromString(Object obj, String propertyName, String value, ConfigurationItemFactory configurationItemFactory)
   at NLog.Config.XmlLoggingConfiguration.SetPropertyFromElement(Object o, NLogXmlElement element)
   at NLog.Config.XmlLoggingConfiguration.ParseTargetElement(Target target, NLogXmlElement targetElement, Dictionary`2 typeNameToDefaultTargetParameters)
   at NLog.Config.XmlLoggingConfiguration.ParseTargetsElement(NLogXmlElement targetsElement)
   at NLog.Config.XmlLoggingConfiguration.ParseNLogElement(NLogXmlElement nlogElement, String filePath, Boolean autoReloadDefault)
   at NLog.Config.XmlLoggingConfiguration.Initialize(XmlReader reader, String fileName, Boolean ignoreErrors)
   --- End of inner exception stack trace ---
2018-08-06 09:35:10.9902 Warn Failed loading config from /Users/fschultesz/repos/dotnetcore/Hackney_Repairs_API/HackneyRepairs/bin/Debug/netcoreapp2.1/NLog.config. Invalid XML?
2018-08-06 09:35:12.4727 Error Parsing configuration from /Users/fschultesz/repos/dotnetcore/Hackney_Repairs_API/HackneyRepairs/NLog.config failed. Exception: NLog.NLogConfigurationException: Exception when parsing /Users/fschultesz/repos/dotnetcore/Hackney_Repairs_API/HackneyRepairs/NLog.config.  ---> System.NotSupportedException: Parameter connectionStringName not supported on DatabaseTarget
   at NLog.Internal.PropertyHelper.SetPropertyFromString(Object obj, String propertyName, String value, ConfigurationItemFactory configurationItemFactory)
   at NLog.Config.XmlLoggingConfiguration.SetPropertyFromElement(Object o, NLogXmlElement element)
   at NLog.Config.XmlLoggingConfiguration.ParseTargetElement(Target target, NLogXmlElement targetElement, Dictionary`2 typeNameToDefaultTargetParameters)
   at NLog.Config.XmlLoggingConfiguration.ParseTargetsElement(NLogXmlElement targetsElement)
   at NLog.Config.XmlLoggingConfiguration.ParseNLogElement(NLogXmlElement nlogElement, String filePath, Boolean autoReloadDefault)
   at NLog.Config.XmlLoggingConfiguration.Initialize(XmlReader reader, String fileName, Boolean ignoreErrors)
   --- End of inner exception stack trace ---
2018-08-06 09:35:12.4727 Warn Failed loading config from /Users/fschultesz/repos/dotnetcore/Hackney_Repairs_API/HackneyRepairs/NLog.config. Invalid XML?
2018-08-06 10:27:45.3008 Error Parsing configuration from /Users/fschultesz/repos/dotnetcore/Hackney_Repairs_API/HackneyRepairs/bin/Debug/netcoreapp2.1/NLog.config failed. Exception: NLog.NLogConfigurationException: Exception when parsing /Users/fschultesz/repos/dotnetcore/Hackney_Repairs_API/HackneyRepairs/bin/Debug/netcoreapp2.1/NLog.config.  ---> System.NotSupportedException: Parameter connectionStringName not supported on DatabaseTarget
   at NLog.Internal.PropertyHelper.SetPropertyFromString(Object obj, String propertyName, String value, ConfigurationItemFactory configurationItemFactory)
   at NLog.Config.XmlLoggingConfiguration.SetPropertyFromElement(Object o, NLogXmlElement element)
   at NLog.Config.XmlLoggingConfiguration.ParseTargetElement(Target target, NLogXmlElement targetElement, Dictionary`2 typeNameToDefaultTargetParameters)
   at NLog.Config.XmlLoggingConfiguration.ParseTargetsElement(NLogXmlElement targetsElement)
   at NLog.Config.XmlLoggingConfiguration.ParseNLogElement(NLogXmlElement nlogElement, String filePath, Boolean autoReloadDefault)
   at NLog.Config.XmlLoggingConfiguration.Initialize(XmlReader reader, String fileName, Boolean ignoreErrors)
   --- End of inner exception stack trace ---
2018-08-06 10:27:45.3044 Warn Failed loading config from /Users/fschultesz/repos/dotnetcore/Hackney_Repairs_API/HackneyRepairs/bin/Debug/netcoreapp2.1/NLog.config. Invalid XML?
2018-08-06 10:27:46.7457 Error Parsing configuration from /Users/fschultesz/repos/dotnetcore/Hackney_Repairs_API/HackneyRepairs/NLog.config failed. Exception: NLog.NLogConfigurationException: Exception when parsing /Users/fschultesz/repos/dotnetcore/Hackney_Repairs_API/HackneyRepairs/NLog.config.  ---> System.NotSupportedException: Parameter connectionStringName not supported on DatabaseTarget
   at NLog.Internal.PropertyHelper.SetPropertyFromString(Object obj, String propertyName, String value, ConfigurationItemFactory configurationItemFactory)
   at NLog.Config.XmlLoggingConfiguration.SetPropertyFromElement(Object o, NLogXmlElement element)
   at NLog.Config.XmlLoggingConfiguration.ParseTargetElement(Target target, NLogXmlElement targetElement, Dictionary`2 typeNameToDefaultTargetParameters)
   at NLog.Config.XmlLoggingConfiguration.ParseTargetsElement(NLogXmlElement targetsElement)
   at NLog.Config.XmlLoggingConfiguration.ParseNLogElement(NLogXmlElement nlogElement, String filePath, Boolean autoReloadDefault)
   at NLog.Config.XmlLoggingConfiguration.Initialize(XmlReader reader, String fileName, Boolean ignoreErrors)
   --- End of inner exception stack trace ---
2018-08-06 10:27:46.7457 Warn Failed loading config from /Users/fschultesz/repos/dotnetcore/Hackney_Repairs_API/HackneyRepairs/NLog.config. Invalid XML?
2018-08-06 11:44:02.1693 Error Parsing configuration from /Users/fschultesz/repos/dotnetcore/Hackney_Repairs_API/HackneyRepairs/bin/Debug/netcoreapp2.1/NLog.config failed. Exception: NLog.NLogConfigurationException: Exception when parsing /Users/fschultesz/repos/dotnetcore/Hackney_Repairs_API/HackneyRepairs/bin/Debug/netcoreapp2.1/NLog.config.  ---> System.NotSupportedException: Parameter connectionStringName not supported on DatabaseTarget
   at NLog.Internal.PropertyHelper.SetPropertyFromString(Object obj, String propertyName, String value, ConfigurationItemFactory configurationItemFactory)
   at NLog.Config.XmlLoggingConfiguration.SetPropertyFromElement(Object o, NLogXmlElement element)
   at NLog.Config.XmlLoggingConfiguration.ParseTargetElement(Target target, NLogXmlElement targetElement, Dictionary`2 typeNameToDefaultTargetParameters)
   at NLog.Config.XmlLoggingConfiguration.ParseTargetsElement(NLogXmlElement targetsElement)
   at NLog.Config.XmlLoggingConfiguration.ParseNLogElement(NLogXmlElement nlogElement, String filePath, Boolean autoReloadDefault)
   at NLog.Config.XmlLoggingConfiguration.Initialize(XmlReader reader, String fileName, Boolean ignoreErrors)
   --- End of inner exception stack trace ---
2018-08-06 11:44:02.1723 Warn Failed loading config from /Users/fschultesz/repos/dotnetcore/Hackney_Repairs_API/HackneyRepairs/bin/Debug/netcoreapp2.1/NLog.config. Invalid XML?
2018-08-06 11:44:03.5639 Error Parsing configuration from /Users/fschultesz/repos/dotnetcore/Hackney_Repairs_API/HackneyRepairs/NLog.config failed. Exception: NLog.NLogConfigurationException: Exception when parsing /Users/fschultesz/repos/dotnetcore/Hackney_Repairs_API/HackneyRepairs/NLog.config.  ---> System.NotSupportedException: Parameter connectionStringName not supported on DatabaseTarget
   at NLog.Internal.PropertyHelper.SetPropertyFromString(Object obj, String propertyName, String value, ConfigurationItemFactory configurationItemFactory)
   at NLog.Config.XmlLoggingConfiguration.SetPropertyFromElement(Object o, NLogXmlElement element)
   at NLog.Config.XmlLoggingConfiguration.ParseTargetElement(Target target, NLogXmlElement targetElement, Dictionary`2 typeNameToDefaultTargetParameters)
   at NLog.Config.XmlLoggingConfiguration.ParseTargetsElement(NLogXmlElement targetsElement)
   at NLog.Config.XmlLoggingConfiguration.ParseNLogElement(NLogXmlElement nlogElement, String filePath, Boolean autoReloadDefault)
   at NLog.Config.XmlLoggingConfiguration.Initialize(XmlReader reader, String fileName, Boolean ignoreErrors)
   --- End of inner exception stack trace ---
2018-08-06 11:44:03.5737 Warn Failed loading config from /Users/fschultesz/repos/dotnetcore/Hackney_Repairs_API/HackneyRepairs/NLog.config. Invalid XML?
2018-08-06 11:44:36.4913 Error Parsing configuration from /Users/fschultesz/repos/dotnetcore/Hackney_Repairs_API/HackneyRepairs/bin/Debug/netcoreapp2.1/NLog.config failed. Exception: NLog.NLogConfigurationException: Exception when parsing /Users/fschultesz/repos/dotnetcore/Hackney_Repairs_API/HackneyRepairs/bin/Debug/netcoreapp2.1/NLog.config.  ---> System.NotSupportedException: Parameter connectionStringName not supported on DatabaseTarget
   at NLog.Internal.PropertyHelper.SetPropertyFromString(Object obj, String propertyName, String value, ConfigurationItemFactory configurationItemFactory)
   at NLog.Config.XmlLoggingConfiguration.SetPropertyFromElement(Object o, NLogXmlElement element)
   at NLog.Config.XmlLoggingConfiguration.ParseTargetElement(Target target, NLogXmlElement targetElement, Dictionary`2 typeNameToDefaultTargetParameters)
   at NLog.Config.XmlLoggingConfiguration.ParseTargetsElement(NLogXmlElement targetsElement)
   at NLog.Config.XmlLoggingConfiguration.ParseNLogElement(NLogXmlElement nlogElement, String filePath, Boolean autoReloadDefault)
   at NLog.Config.XmlLoggingConfiguration.Initialize(XmlReader reader, String fileName, Boolean ignoreErrors)
   --- End of inner exception stack trace ---
2018-08-06 11:44:36.4942 Warn Failed loading config from /Users/fschultesz/repos/dotnetcore/Hackney_Repairs_API/HackneyRepairs/bin/Debug/netcoreapp2.1/NLog.config. Invalid XML?
2018-08-06 11:44:37.8670 Error Parsing configuration from /Users/fschultesz/repos/dotnetcore/Hackney_Repairs_API/HackneyRepairs/NLog.config failed. Exception: NLog.NLogConfigurationException: Exception when parsing /Users/fschultesz/repos/dotnetcore/Hackney_Repairs_API/HackneyRepairs/NLog.config.  ---> System.NotSupportedException: Parameter connectionStringName not supported on DatabaseTarget
   at NLog.Internal.PropertyHelper.SetPropertyFromString(Object obj, String propertyName, String value, ConfigurationItemFactory configurationItemFactory)
   at NLog.Config.XmlLoggingConfiguration.SetPropertyFromElement(Object o, NLogXmlElement element)
   at NLog.Config.XmlLoggingConfiguration.ParseTargetElement(Target target, NLogXmlElement targetElement, Dictionary`2 typeNameToDefaultTargetParameters)
   at NLog.Config.XmlLoggingConfiguration.ParseTargetsElement(NLogXmlElement targetsElement)
   at NLog.Config.XmlLoggingConfiguration.ParseNLogElement(NLogXmlElement nlogElement, String filePath, Boolean autoReloadDefault)
   at NLog.Config.XmlLoggingConfiguration.Initialize(XmlReader reader, String fileName, Boolean ignoreErrors)
   --- End of inner exception stack trace ---
2018-08-06 11:44:37.8765 Warn Failed loading config from /Users/fschultesz/repos/dotnetcore/Hackney_Repairs_API/HackneyRepairs/NLog.config. Invalid XML?
2018-08-06 11:45:57.2940 Error Parsing configuration from /Users/fschultesz/repos/dotnetcore/Hackney_Repairs_API/HackneyRepairs/bin/Debug/netcoreapp2.1/NLog.config failed. Exception: NLog.NLogConfigurationException: Exception when parsing /Users/fschultesz/repos/dotnetcore/Hackney_Repairs_API/HackneyRepairs/bin/Debug/netcoreapp2.1/NLog.config.  ---> System.NotSupportedException: Parameter connectionStringName not supported on DatabaseTarget
   at NLog.Internal.PropertyHelper.SetPropertyFromString(Object obj, String propertyName, String value, ConfigurationItemFactory configurationItemFactory)
   at NLog.Config.XmlLoggingConfiguration.SetPropertyFromElement(Object o, NLogXmlElement element)
   at NLog.Config.XmlLoggingConfiguration.ParseTargetElement(Target target, NLogXmlElement targetElement, Dictionary`2 typeNameToDefaultTargetParameters)
   at NLog.Config.XmlLoggingConfiguration.ParseTargetsElement(NLogXmlElement targetsElement)
   at NLog.Config.XmlLoggingConfiguration.ParseNLogElement(NLogXmlElement nlogElement, String filePath, Boolean autoReloadDefault)
   at NLog.Config.XmlLoggingConfiguration.Initialize(XmlReader reader, String fileName, Boolean ignoreErrors)
   --- End of inner exception stack trace ---
2018-08-06 11:45:57.3025 Warn Failed loading config from /Users/fschultesz/repos/dotnetcore/Hackney_Repairs_API/HackneyRepairs/bin/Debug/netcoreapp2.1/NLog.config. Invalid XML?
2018-08-06 11:45:58.6287 Error Parsing configuration from /Users/fschultesz/repos/dotnetcore/Hackney_Repairs_API/HackneyRepairs/NLog.config failed. Exception: NLog.NLogConfigurationException: Exception when parsing /Users/fschultesz/repos/dotnetcore/Hackney_Repairs_API/HackneyRepairs/NLog.config.  ---> System.NotSupportedException: Parameter connectionStringName not supported on DatabaseTarget
   at NLog.Internal.PropertyHelper.SetPropertyFromString(Object obj, String propertyName, String value, ConfigurationItemFactory configurationItemFactory)
   at NLog.Config.XmlLoggingConfiguration.SetPropertyFromElement(Object o, NLogXmlElement element)
   at NLog.Config.XmlLoggingConfiguration.ParseTargetElement(Target target, NLogXmlElement targetElement, Dictionary`2 typeNameToDefaultTargetParameters)
   at NLog.Config.XmlLoggingConfiguration.ParseTargetsElement(NLogXmlElement targetsElement)
   at NLog.Config.XmlLoggingConfiguration.ParseNLogElement(NLogXmlElement nlogElement, String filePath, Boolean autoReloadDefault)
   at NLog.Config.XmlLoggingConfiguration.Initialize(XmlReader reader, String fileName, Boolean ignoreErrors)
   --- End of inner exception stack trace ---
2018-08-06 11:45:58.6287 Warn Failed loading config from /Users/fschultesz/repos/dotnetcore/Hackney_Repairs_API/HackneyRepairs/NLog.config. Invalid XML?
2018-08-06 11:47:08.5872 Error Parsing configuration from /Users/fschultesz/repos/dotnetcore/Hackney_Repairs_API/HackneyRepairs/bin/Debug/netcoreapp2.1/NLog.config failed. Exception: NLog.NLogConfigurationException: Exception when parsing /Users/fschultesz/repos/dotnetcore/Hackney_Repairs_API/HackneyRepairs/bin/Debug/netcoreapp2.1/NLog.config.  ---> System.NotSupportedException: Parameter connectionStringName not supported on DatabaseTarget
   at NLog.Internal.PropertyHelper.SetPropertyFromString(Object obj, String propertyName, String value, ConfigurationItemFactory configurationItemFactory)
   at NLog.Config.XmlLoggingConfiguration.SetPropertyFromElement(Object o, NLogXmlElement element)
   at NLog.Config.XmlLoggingConfiguration.ParseTargetElement(Target target, NLogXmlElement targetElement, Dictionary`2 typeNameToDefaultTargetParameters)
   at NLog.Config.XmlLoggingConfiguration.ParseTargetsElement(NLogXmlElement targetsElement)
   at NLog.Config.XmlLoggingConfiguration.ParseNLogElement(NLogXmlElement nlogElement, String filePath, Boolean autoReloadDefault)
   at NLog.Config.XmlLoggingConfiguration.Initialize(XmlReader reader, String fileName, Boolean ignoreErrors)
   --- End of inner exception stack trace ---
2018-08-06 11:47:08.5904 Warn Failed loading config from /Users/fschultesz/repos/dotnetcore/Hackney_Repairs_API/HackneyRepairs/bin/Debug/netcoreapp2.1/NLog.config. Invalid XML?
2018-08-06 11:47:10.0197 Error Parsing configuration from /Users/fschultesz/repos/dotnetcore/Hackney_Repairs_API/HackneyRepairs/NLog.config failed. Exception: NLog.NLogConfigurationException: Exception when parsing /Users/fschultesz/repos/dotnetcore/Hackney_Repairs_API/HackneyRepairs/NLog.config.  ---> System.NotSupportedException: Parameter connectionStringName not supported on DatabaseTarget
   at NLog.Internal.PropertyHelper.SetPropertyFromString(Object obj, String propertyName, String value, ConfigurationItemFactory configurationItemFactory)
   at NLog.Config.XmlLoggingConfiguration.SetPropertyFromElement(Object o, NLogXmlElement element)
   at NLog.Config.XmlLoggingConfiguration.ParseTargetElement(Target target, NLogXmlElement targetElement, Dictionary`2 typeNameToDefaultTargetParameters)
   at NLog.Config.XmlLoggingConfiguration.ParseTargetsElement(NLogXmlElement targetsElement)
   at NLog.Config.XmlLoggingConfiguration.ParseNLogElement(NLogXmlElement nlogElement, String filePath, Boolean autoReloadDefault)
   at NLog.Config.XmlLoggingConfiguration.Initialize(XmlReader reader, String fileName, Boolean ignoreErrors)
   --- End of inner exception stack trace ---
2018-08-06 11:47:10.0254 Warn Failed loading config from /Users/fschultesz/repos/dotnetcore/Hackney_Repairs_API/HackneyRepairs/NLog.config. Invalid XML?
2018-08-06 12:29:09.6310 Error Parsing configuration from /Users/fschultesz/repos/dotnetcore/Hackney_Repairs_API/HackneyRepairs/bin/Debug/netcoreapp2.1/NLog.config failed. Exception: NLog.NLogConfigurationException: Exception when parsing /Users/fschultesz/repos/dotnetcore/Hackney_Repairs_API/HackneyRepairs/bin/Debug/netcoreapp2.1/NLog.config.  ---> System.NotSupportedException: Parameter connectionStringName not supported on DatabaseTarget
   at NLog.Internal.PropertyHelper.SetPropertyFromString(Object obj, String propertyName, String value, ConfigurationItemFactory configurationItemFactory)
   at NLog.Config.XmlLoggingConfiguration.SetPropertyFromElement(Object o, NLogXmlElement element)
   at NLog.Config.XmlLoggingConfiguration.ParseTargetElement(Target target, NLogXmlElement targetElement, Dictionary`2 typeNameToDefaultTargetParameters)
   at NLog.Config.XmlLoggingConfiguration.ParseTargetsElement(NLogXmlElement targetsElement)
   at NLog.Config.XmlLoggingConfiguration.ParseNLogElement(NLogXmlElement nlogElement, String filePath, Boolean autoReloadDefault)
   at NLog.Config.XmlLoggingConfiguration.Initialize(XmlReader reader, String fileName, Boolean ignoreErrors)
   --- End of inner exception stack trace ---
2018-08-06 12:29:09.6395 Warn Failed loading config from /Users/fschultesz/repos/dotnetcore/Hackney_Repairs_API/HackneyRepairs/bin/Debug/netcoreapp2.1/NLog.config. Invalid XML?
2018-08-06 12:29:11.0319 Error Parsing configuration from /Users/fschultesz/repos/dotnetcore/Hackney_Repairs_API/HackneyRepairs/NLog.config failed. Exception: NLog.NLogConfigurationException: Exception when parsing /Users/fschultesz/repos/dotnetcore/Hackney_Repairs_API/HackneyRepairs/NLog.config.  ---> System.NotSupportedException: Parameter connectionStringName not supported on DatabaseTarget
   at NLog.Internal.PropertyHelper.SetPropertyFromString(Object obj, String propertyName, String value, ConfigurationItemFactory configurationItemFactory)
   at NLog.Config.XmlLoggingConfiguration.SetPropertyFromElement(Object o, NLogXmlElement element)
   at NLog.Config.XmlLoggingConfiguration.ParseTargetElement(Target target, NLogXmlElement targetElement, Dictionary`2 typeNameToDefaultTargetParameters)
   at NLog.Config.XmlLoggingConfiguration.ParseTargetsElement(NLogXmlElement targetsElement)
   at NLog.Config.XmlLoggingConfiguration.ParseNLogElement(NLogXmlElement nlogElement, String filePath, Boolean autoReloadDefault)
   at NLog.Config.XmlLoggingConfiguration.Initialize(XmlReader reader, String fileName, Boolean ignoreErrors)
   --- End of inner exception stack trace ---
2018-08-06 12:29:11.0418 Warn Failed loading config from /Users/fschultesz/repos/dotnetcore/Hackney_Repairs_API/HackneyRepairs/NLog.config. Invalid XML?
2018-08-06 12:31:28.2959 Error Parsing configuration from /Users/fschultesz/repos/dotnetcore/Hackney_Repairs_API/HackneyRepairs/bin/Debug/netcoreapp2.1/NLog.config failed. Exception: NLog.NLogConfigurationException: Exception when parsing /Users/fschultesz/repos/dotnetcore/Hackney_Repairs_API/HackneyRepairs/bin/Debug/netcoreapp2.1/NLog.config.  ---> System.NotSupportedException: Parameter connectionStringName not supported on DatabaseTarget
   at NLog.Internal.PropertyHelper.SetPropertyFromString(Object obj, String propertyName, String value, ConfigurationItemFactory configurationItemFactory)
   at NLog.Config.XmlLoggingConfiguration.SetPropertyFromElement(Object o, NLogXmlElement element)
   at NLog.Config.XmlLoggingConfiguration.ParseTargetElement(Target target, NLogXmlElement targetElement, Dictionary`2 typeNameToDefaultTargetParameters)
   at NLog.Config.XmlLoggingConfiguration.ParseTargetsElement(NLogXmlElement targetsElement)
   at NLog.Config.XmlLoggingConfiguration.ParseNLogElement(NLogXmlElement nlogElement, String filePath, Boolean autoReloadDefault)
   at NLog.Config.XmlLoggingConfiguration.Initialize(XmlReader reader, String fileName, Boolean ignoreErrors)
   --- End of inner exception stack trace ---
2018-08-06 12:31:28.2991 Warn Failed loading config from /Users/fschultesz/repos/dotnetcore/Hackney_Repairs_API/HackneyRepairs/bin/Debug/netcoreapp2.1/NLog.config. Invalid XML?
2018-08-06 12:31:29.7955 Error Parsing configuration from /Users/fschultesz/repos/dotnetcore/Hackney_Repairs_API/HackneyRepairs/NLog.config failed. Exception: NLog.NLogConfigurationException: Exception when parsing /Users/fschultesz/repos/dotnetcore/Hackney_Repairs_API/HackneyRepairs/NLog.config.  ---> System.NotSupportedException: Parameter connectionStringName not supported on DatabaseTarget
   at NLog.Internal.PropertyHelper.SetPropertyFromString(Object obj, String propertyName, String value, ConfigurationItemFactory configurationItemFactory)
   at NLog.Config.XmlLoggingConfiguration.SetPropertyFromElement(Object o, NLogXmlElement element)
   at NLog.Config.XmlLoggingConfiguration.ParseTargetElement(Target target, NLogXmlElement targetElement, Dictionary`2 typeNameToDefaultTargetParameters)
   at NLog.Config.XmlLoggingConfiguration.ParseTargetsElement(NLogXmlElement targetsElement)
   at NLog.Config.XmlLoggingConfiguration.ParseNLogElement(NLogXmlElement nlogElement, String filePath, Boolean autoReloadDefault)
   at NLog.Config.XmlLoggingConfiguration.Initialize(XmlReader reader, String fileName, Boolean ignoreErrors)
   --- End of inner exception stack trace ---
2018-08-06 12:31:29.7955 Warn Failed loading config from /Users/fschultesz/repos/dotnetcore/Hackney_Repairs_API/HackneyRepairs/NLog.config. Invalid XML?
2018-08-06 12:34:27.9224 Error Parsing configuration from /Users/fschultesz/repos/dotnetcore/Hackney_Repairs_API/HackneyRepairs/bin/Debug/netcoreapp2.1/NLog.config failed. Exception: NLog.NLogConfigurationException: Exception when parsing /Users/fschultesz/repos/dotnetcore/Hackney_Repairs_API/HackneyRepairs/bin/Debug/netcoreapp2.1/NLog.config.  ---> System.NotSupportedException: Parameter connectionStringName not supported on DatabaseTarget
   at NLog.Internal.PropertyHelper.SetPropertyFromString(Object obj, String propertyName, String value, ConfigurationItemFactory configurationItemFactory)
   at NLog.Config.XmlLoggingConfiguration.SetPropertyFromElement(Object o, NLogXmlElement element)
   at NLog.Config.XmlLoggingConfiguration.ParseTargetElement(Target target, NLogXmlElement targetElement, Dictionary`2 typeNameToDefaultTargetParameters)
   at NLog.Config.XmlLoggingConfiguration.ParseTargetsElement(NLogXmlElement targetsElement)
   at NLog.Config.XmlLoggingConfiguration.ParseNLogElement(NLogXmlElement nlogElement, String filePath, Boolean autoReloadDefault)
   at NLog.Config.XmlLoggingConfiguration.Initialize(XmlReader reader, String fileName, Boolean ignoreErrors)
   --- End of inner exception stack trace ---
2018-08-06 12:34:27.9261 Warn Failed loading config from /Users/fschultesz/repos/dotnetcore/Hackney_Repairs_API/HackneyRepairs/bin/Debug/netcoreapp2.1/NLog.config. Invalid XML?
2018-08-06 12:34:49.8205 Error Parsing configuration from /Users/fschultesz/repos/dotnetcore/Hackney_Repairs_API/HackneyRepairs/NLog.config failed. Exception: NLog.NLogConfigurationException: Exception when parsing /Users/fschultesz/repos/dotnetcore/Hackney_Repairs_API/HackneyRepairs/NLog.config.  ---> System.NotSupportedException: Parameter connectionStringName not supported on DatabaseTarget
   at NLog.Internal.PropertyHelper.SetPropertyFromString(Object obj, String propertyName, String value, ConfigurationItemFactory configurationItemFactory)
   at NLog.Config.XmlLoggingConfiguration.SetPropertyFromElement(Object o, NLogXmlElement element)
   at NLog.Config.XmlLoggingConfiguration.ParseTargetElement(Target target, NLogXmlElement targetElement, Dictionary`2 typeNameToDefaultTargetParameters)
   at NLog.Config.XmlLoggingConfiguration.ParseTargetsElement(NLogXmlElement targetsElement)
   at NLog.Config.XmlLoggingConfiguration.ParseNLogElement(NLogXmlElement nlogElement, String filePath, Boolean autoReloadDefault)
   at NLog.Config.XmlLoggingConfiguration.Initialize(XmlReader reader, String fileName, Boolean ignoreErrors)
   --- End of inner exception stack trace ---
2018-08-06 12:34:49.8205 Warn Failed loading config from /Users/fschultesz/repos/dotnetcore/Hackney_Repairs_API/HackneyRepairs/NLog.config. Invalid XML?
2018-08-06 12:37:01.8912 Error Parsing configuration from /Users/fschultesz/repos/dotnetcore/Hackney_Repairs_API/HackneyRepairs/bin/Debug/netcoreapp2.1/NLog.config failed. Exception: NLog.NLogConfigurationException: Exception when parsing /Users/fschultesz/repos/dotnetcore/Hackney_Repairs_API/HackneyRepairs/bin/Debug/netcoreapp2.1/NLog.config.  ---> System.NotSupportedException: Parameter connectionStringName not supported on DatabaseTarget
   at NLog.Internal.PropertyHelper.SetPropertyFromString(Object obj, String propertyName, String value, ConfigurationItemFactory configurationItemFactory)
   at NLog.Config.XmlLoggingConfiguration.SetPropertyFromElement(Object o, NLogXmlElement element)
   at NLog.Config.XmlLoggingConfiguration.ParseTargetElement(Target target, NLogXmlElement targetElement, Dictionary`2 typeNameToDefaultTargetParameters)
   at NLog.Config.XmlLoggingConfiguration.ParseTargetsElement(NLogXmlElement targetsElement)
   at NLog.Config.XmlLoggingConfiguration.ParseNLogElement(NLogXmlElement nlogElement, String filePath, Boolean autoReloadDefault)
   at NLog.Config.XmlLoggingConfiguration.Initialize(XmlReader reader, String fileName, Boolean ignoreErrors)
   --- End of inner exception stack trace ---
2018-08-06 12:37:01.8997 Warn Failed loading config from /Users/fschultesz/repos/dotnetcore/Hackney_Repairs_API/HackneyRepairs/bin/Debug/netcoreapp2.1/NLog.config. Invalid XML?
2018-08-06 12:37:06.6506 Error Parsing configuration from /Users/fschultesz/repos/dotnetcore/Hackney_Repairs_API/HackneyRepairs/NLog.config failed. Exception: NLog.NLogConfigurationException: Exception when parsing /Users/fschultesz/repos/dotnetcore/Hackney_Repairs_API/HackneyRepairs/NLog.config.  ---> System.NotSupportedException: Parameter connectionStringName not supported on DatabaseTarget
   at NLog.Internal.PropertyHelper.SetPropertyFromString(Object obj, String propertyName, String value, ConfigurationItemFactory configurationItemFactory)
   at NLog.Config.XmlLoggingConfiguration.SetPropertyFromElement(Object o, NLogXmlElement element)
   at NLog.Config.XmlLoggingConfiguration.ParseTargetElement(Target target, NLogXmlElement targetElement, Dictionary`2 typeNameToDefaultTargetParameters)
   at NLog.Config.XmlLoggingConfiguration.ParseTargetsElement(NLogXmlElement targetsElement)
   at NLog.Config.XmlLoggingConfiguration.ParseNLogElement(NLogXmlElement nlogElement, String filePath, Boolean autoReloadDefault)
   at NLog.Config.XmlLoggingConfiguration.Initialize(XmlReader reader, String fileName, Boolean ignoreErrors)
   --- End of inner exception stack trace ---
2018-08-06 12:37:06.6608 Warn Failed loading config from /Users/fschultesz/repos/dotnetcore/Hackney_Repairs_API/HackneyRepairs/NLog.config. Invalid XML?
2018-08-06 12:38:45.5570 Error Parsing configuration from /Users/fschultesz/repos/dotnetcore/Hackney_Repairs_API/HackneyRepairs/bin/Debug/netcoreapp2.1/NLog.config failed. Exception: NLog.NLogConfigurationException: Exception when parsing /Users/fschultesz/repos/dotnetcore/Hackney_Repairs_API/HackneyRepairs/bin/Debug/netcoreapp2.1/NLog.config.  ---> System.NotSupportedException: Parameter connectionStringName not supported on DatabaseTarget
   at NLog.Internal.PropertyHelper.SetPropertyFromString(Object obj, String propertyName, String value, ConfigurationItemFactory configurationItemFactory)
   at NLog.Config.XmlLoggingConfiguration.SetPropertyFromElement(Object o, NLogXmlElement element)
   at NLog.Config.XmlLoggingConfiguration.ParseTargetElement(Target target, NLogXmlElement targetElement, Dictionary`2 typeNameToDefaultTargetParameters)
   at NLog.Config.XmlLoggingConfiguration.ParseTargetsElement(NLogXmlElement targetsElement)
   at NLog.Config.XmlLoggingConfiguration.ParseNLogElement(NLogXmlElement nlogElement, String filePath, Boolean autoReloadDefault)
   at NLog.Config.XmlLoggingConfiguration.Initialize(XmlReader reader, String fileName, Boolean ignoreErrors)
   --- End of inner exception stack trace ---
2018-08-06 12:38:45.5620 Warn Failed loading config from /Users/fschultesz/repos/dotnetcore/Hackney_Repairs_API/HackneyRepairs/bin/Debug/netcoreapp2.1/NLog.config. Invalid XML?
2018-08-06 12:39:26.6235 Error Parsing configuration from /Users/fschultesz/repos/dotnetcore/Hackney_Repairs_API/HackneyRepairs/NLog.config failed. Exception: NLog.NLogConfigurationException: Exception when parsing /Users/fschultesz/repos/dotnetcore/Hackney_Repairs_API/HackneyRepairs/NLog.config.  ---> System.NotSupportedException: Parameter connectionStringName not supported on DatabaseTarget
   at NLog.Internal.PropertyHelper.SetPropertyFromString(Object obj, String propertyName, String value, ConfigurationItemFactory configurationItemFactory)
   at NLog.Config.XmlLoggingConfiguration.SetPropertyFromElement(Object o, NLogXmlElement element)
   at NLog.Config.XmlLoggingConfiguration.ParseTargetElement(Target target, NLogXmlElement targetElement, Dictionary`2 typeNameToDefaultTargetParameters)
   at NLog.Config.XmlLoggingConfiguration.ParseTargetsElement(NLogXmlElement targetsElement)
   at NLog.Config.XmlLoggingConfiguration.ParseNLogElement(NLogXmlElement nlogElement, String filePath, Boolean autoReloadDefault)
   at NLog.Config.XmlLoggingConfiguration.Initialize(XmlReader reader, String fileName, Boolean ignoreErrors)
   --- End of inner exception stack trace ---
2018-08-06 12:39:26.6235 Warn Failed loading config from /Users/fschultesz/repos/dotnetcore/Hackney_Repairs_API/HackneyRepairs/NLog.config. Invalid XML?
2018-08-06 12:42:06.0190 Error Parsing configuration from /Users/fschultesz/repos/dotnetcore/Hackney_Repairs_API/HackneyRepairs/bin/Debug/netcoreapp2.1/NLog.config failed. Exception: NLog.NLogConfigurationException: Exception when parsing /Users/fschultesz/repos/dotnetcore/Hackney_Repairs_API/HackneyRepairs/bin/Debug/netcoreapp2.1/NLog.config.  ---> System.NotSupportedException: Parameter connectionStringName not supported on DatabaseTarget
   at NLog.Internal.PropertyHelper.SetPropertyFromString(Object obj, String propertyName, String value, ConfigurationItemFactory configurationItemFactory)
   at NLog.Config.XmlLoggingConfiguration.SetPropertyFromElement(Object o, NLogXmlElement element)
   at NLog.Config.XmlLoggingConfiguration.ParseTargetElement(Target target, NLogXmlElement targetElement, Dictionary`2 typeNameToDefaultTargetParameters)
   at NLog.Config.XmlLoggingConfiguration.ParseTargetsElement(NLogXmlElement targetsElement)
   at NLog.Config.XmlLoggingConfiguration.ParseNLogElement(NLogXmlElement nlogElement, String filePath, Boolean autoReloadDefault)
   at NLog.Config.XmlLoggingConfiguration.Initialize(XmlReader reader, String fileName, Boolean ignoreErrors)
   --- End of inner exception stack trace ---
2018-08-06 12:42:06.0270 Warn Failed loading config from /Users/fschultesz/repos/dotnetcore/Hackney_Repairs_API/HackneyRepairs/bin/Debug/netcoreapp2.1/NLog.config. Invalid XML?
2018-08-06 12:42:07.4595 Error Parsing configuration from /Users/fschultesz/repos/dotnetcore/Hackney_Repairs_API/HackneyRepairs/NLog.config failed. Exception: NLog.NLogConfigurationException: Exception when parsing /Users/fschultesz/repos/dotnetcore/Hackney_Repairs_API/HackneyRepairs/NLog.config.  ---> System.NotSupportedException: Parameter connectionStringName not supported on DatabaseTarget
   at NLog.Internal.PropertyHelper.SetPropertyFromString(Object obj, String propertyName, String value, ConfigurationItemFactory configurationItemFactory)
   at NLog.Config.XmlLoggingConfiguration.SetPropertyFromElement(Object o, NLogXmlElement element)
   at NLog.Config.XmlLoggingConfiguration.ParseTargetElement(Target target, NLogXmlElement targetElement, Dictionary`2 typeNameToDefaultTargetParameters)
   at NLog.Config.XmlLoggingConfiguration.ParseTargetsElement(NLogXmlElement targetsElement)
   at NLog.Config.XmlLoggingConfiguration.ParseNLogElement(NLogXmlElement nlogElement, String filePath, Boolean autoReloadDefault)
   at NLog.Config.XmlLoggingConfiguration.Initialize(XmlReader reader, String fileName, Boolean ignoreErrors)
   --- End of inner exception stack trace ---
2018-08-06 12:42:07.4595 Warn Failed loading config from /Users/fschultesz/repos/dotnetcore/Hackney_Repairs_API/HackneyRepairs/NLog.config. Invalid XML?
2018-08-06 12:44:22.4927 Error Parsing configuration from /Users/fschultesz/repos/dotnetcore/Hackney_Repairs_API/HackneyRepairs/bin/Debug/netcoreapp2.1/NLog.config failed. Exception: NLog.NLogConfigurationException: Exception when parsing /Users/fschultesz/repos/dotnetcore/Hackney_Repairs_API/HackneyRepairs/bin/Debug/netcoreapp2.1/NLog.config.  ---> System.NotSupportedException: Parameter connectionStringName not supported on DatabaseTarget
   at NLog.Internal.PropertyHelper.SetPropertyFromString(Object obj, String propertyName, String value, ConfigurationItemFactory configurationItemFactory)
   at NLog.Config.XmlLoggingConfiguration.SetPropertyFromElement(Object o, NLogXmlElement element)
   at NLog.Config.XmlLoggingConfiguration.ParseTargetElement(Target target, NLogXmlElement targetElement, Dictionary`2 typeNameToDefaultTargetParameters)
   at NLog.Config.XmlLoggingConfiguration.ParseTargetsElement(NLogXmlElement targetsElement)
   at NLog.Config.XmlLoggingConfiguration.ParseNLogElement(NLogXmlElement nlogElement, String filePath, Boolean autoReloadDefault)
   at NLog.Config.XmlLoggingConfiguration.Initialize(XmlReader reader, String fileName, Boolean ignoreErrors)
   --- End of inner exception stack trace ---
2018-08-06 12:44:22.4959 Warn Failed loading config from /Users/fschultesz/repos/dotnetcore/Hackney_Repairs_API/HackneyRepairs/bin/Debug/netcoreapp2.1/NLog.config. Invalid XML?
2018-08-06 12:44:23.9435 Error Parsing configuration from /Users/fschultesz/repos/dotnetcore/Hackney_Repairs_API/HackneyRepairs/NLog.config failed. Exception: NLog.NLogConfigurationException: Exception when parsing /Users/fschultesz/repos/dotnetcore/Hackney_Repairs_API/HackneyRepairs/NLog.config.  ---> System.NotSupportedException: Parameter connectionStringName not supported on DatabaseTarget
   at NLog.Internal.PropertyHelper.SetPropertyFromString(Object obj, String propertyName, String value, ConfigurationItemFactory configurationItemFactory)
   at NLog.Config.XmlLoggingConfiguration.SetPropertyFromElement(Object o, NLogXmlElement element)
   at NLog.Config.XmlLoggingConfiguration.ParseTargetElement(Target target, NLogXmlElement targetElement, Dictionary`2 typeNameToDefaultTargetParameters)
   at NLog.Config.XmlLoggingConfiguration.ParseTargetsElement(NLogXmlElement targetsElement)
   at NLog.Config.XmlLoggingConfiguration.ParseNLogElement(NLogXmlElement nlogElement, String filePath, Boolean autoReloadDefault)
   at NLog.Config.XmlLoggingConfiguration.Initialize(XmlReader reader, String fileName, Boolean ignoreErrors)
   --- End of inner exception stack trace ---
2018-08-06 12:44:23.9502 Warn Failed loading config from /Users/fschultesz/repos/dotnetcore/Hackney_Repairs_API/HackneyRepairs/NLog.config. Invalid XML?
2018-08-06 12:52:08.4596 Error Parsing configuration from /Users/fschultesz/repos/dotnetcore/Hackney_Repairs_API/HackneyRepairs/bin/Debug/netcoreapp2.1/NLog.config failed. Exception: NLog.NLogConfigurationException: Exception when parsing /Users/fschultesz/repos/dotnetcore/Hackney_Repairs_API/HackneyRepairs/bin/Debug/netcoreapp2.1/NLog.config.  ---> System.NotSupportedException: Parameter connectionStringName not supported on DatabaseTarget
   at NLog.Internal.PropertyHelper.SetPropertyFromString(Object obj, String propertyName, String value, ConfigurationItemFactory configurationItemFactory)
   at NLog.Config.XmlLoggingConfiguration.SetPropertyFromElement(Object o, NLogXmlElement element)
   at NLog.Config.XmlLoggingConfiguration.ParseTargetElement(Target target, NLogXmlElement targetElement, Dictionary`2 typeNameToDefaultTargetParameters)
   at NLog.Config.XmlLoggingConfiguration.ParseTargetsElement(NLogXmlElement targetsElement)
   at NLog.Config.XmlLoggingConfiguration.ParseNLogElement(NLogXmlElement nlogElement, String filePath, Boolean autoReloadDefault)
   at NLog.Config.XmlLoggingConfiguration.Initialize(XmlReader reader, String fileName, Boolean ignoreErrors)
   --- End of inner exception stack trace ---
2018-08-06 12:52:08.4681 Warn Failed loading config from /Users/fschultesz/repos/dotnetcore/Hackney_Repairs_API/HackneyRepairs/bin/Debug/netcoreapp2.1/NLog.config. Invalid XML?
2018-08-06 12:52:09.7945 Error Parsing configuration from /Users/fschultesz/repos/dotnetcore/Hackney_Repairs_API/HackneyRepairs/NLog.config failed. Exception: NLog.NLogConfigurationException: Exception when parsing /Users/fschultesz/repos/dotnetcore/Hackney_Repairs_API/HackneyRepairs/NLog.config.  ---> System.NotSupportedException: Parameter connectionStringName not supported on DatabaseTarget
   at NLog.Internal.PropertyHelper.SetPropertyFromString(Object obj, String propertyName, String value, ConfigurationItemFactory configurationItemFactory)
   at NLog.Config.XmlLoggingConfiguration.SetPropertyFromElement(Object o, NLogXmlElement element)
   at NLog.Config.XmlLoggingConfiguration.ParseTargetElement(Target target, NLogXmlElement targetElement, Dictionary`2 typeNameToDefaultTargetParameters)
   at NLog.Config.XmlLoggingConfiguration.ParseTargetsElement(NLogXmlElement targetsElement)
   at NLog.Config.XmlLoggingConfiguration.ParseNLogElement(NLogXmlElement nlogElement, String filePath, Boolean autoReloadDefault)
   at NLog.Config.XmlLoggingConfiguration.Initialize(XmlReader reader, String fileName, Boolean ignoreErrors)
   --- End of inner exception stack trace ---
2018-08-06 12:52:09.7945 Warn Failed loading config from /Users/fschultesz/repos/dotnetcore/Hackney_Repairs_API/HackneyRepairs/NLog.config. Invalid XML?
2018-08-06 12:54:14.7585 Error Parsing configuration from /Users/fschultesz/repos/dotnetcore/Hackney_Repairs_API/HackneyRepairs/bin/Debug/netcoreapp2.1/NLog.config failed. Exception: NLog.NLogConfigurationException: Exception when parsing /Users/fschultesz/repos/dotnetcore/Hackney_Repairs_API/HackneyRepairs/bin/Debug/netcoreapp2.1/NLog.config.  ---> System.NotSupportedException: Parameter connectionStringName not supported on DatabaseTarget
   at NLog.Internal.PropertyHelper.SetPropertyFromString(Object obj, String propertyName, String value, ConfigurationItemFactory configurationItemFactory)
   at NLog.Config.XmlLoggingConfiguration.SetPropertyFromElement(Object o, NLogXmlElement element)
   at NLog.Config.XmlLoggingConfiguration.ParseTargetElement(Target target, NLogXmlElement targetElement, Dictionary`2 typeNameToDefaultTargetParameters)
   at NLog.Config.XmlLoggingConfiguration.ParseTargetsElement(NLogXmlElement targetsElement)
   at NLog.Config.XmlLoggingConfiguration.ParseNLogElement(NLogXmlElement nlogElement, String filePath, Boolean autoReloadDefault)
   at NLog.Config.XmlLoggingConfiguration.Initialize(XmlReader reader, String fileName, Boolean ignoreErrors)
   --- End of inner exception stack trace ---
2018-08-06 12:54:14.7618 Warn Failed loading config from /Users/fschultesz/repos/dotnetcore/Hackney_Repairs_API/HackneyRepairs/bin/Debug/netcoreapp2.1/NLog.config. Invalid XML?
2018-08-06 12:54:16.1696 Error Parsing configuration from /Users/fschultesz/repos/dotnetcore/Hackney_Repairs_API/HackneyRepairs/NLog.config failed. Exception: NLog.NLogConfigurationException: Exception when parsing /Users/fschultesz/repos/dotnetcore/Hackney_Repairs_API/HackneyRepairs/NLog.config.  ---> System.NotSupportedException: Parameter connectionStringName not supported on DatabaseTarget
   at NLog.Internal.PropertyHelper.SetPropertyFromString(Object obj, String propertyName, String value, ConfigurationItemFactory configurationItemFactory)
   at NLog.Config.XmlLoggingConfiguration.SetPropertyFromElement(Object o, NLogXmlElement element)
   at NLog.Config.XmlLoggingConfiguration.ParseTargetElement(Target target, NLogXmlElement targetElement, Dictionary`2 typeNameToDefaultTargetParameters)
   at NLog.Config.XmlLoggingConfiguration.ParseTargetsElement(NLogXmlElement targetsElement)
   at NLog.Config.XmlLoggingConfiguration.ParseNLogElement(NLogXmlElement nlogElement, String filePath, Boolean autoReloadDefault)
   at NLog.Config.XmlLoggingConfiguration.Initialize(XmlReader reader, String fileName, Boolean ignoreErrors)
   --- End of inner exception stack trace ---
2018-08-06 12:54:16.1742 Warn Failed loading config from /Users/fschultesz/repos/dotnetcore/Hackney_Repairs_API/HackneyRepairs/NLog.config. Invalid XML?
